<?xml version="1.0" encoding="UTF-8"?>
<testng-results ignored="0" total="1" passed="1" failed="0" skipped="0">
  <reporter-output>
  </reporter-output>
  <suite started-at="2022-03-19T00:21:38 EAT" name="Default suite" finished-at="2022-03-19T00:21:59 EAT" duration-ms="20952">
    <groups>
    </groups>
    <test started-at="2022-03-19T00:21:38 EAT" name="Default test" finished-at="2022-03-19T00:21:59 EAT" duration-ms="20952">
      <class name="com.leadpops.testCases.TC_LandingTest_001">
        <test-method is-config="true" signature="setup()[pri:0, instance:com.leadpops.testCases.TC_LandingTest_001@123ef382]" started-at="2022-03-19T00:21:38 EAT" name="setup" finished-at="2022-03-19T00:21:40 EAT" duration-ms="1834" status="PASS">
          <reporter-output>
          </reporter-output>
        </test-method> <!-- setup -->
        <test-method signature="homePageTest()[pri:0, instance:com.leadpops.testCases.TC_LandingTest_001@123ef382]" started-at="2022-03-19T00:21:40 EAT" name="homePageTest" finished-at="2022-03-19T00:21:59 EAT" duration-ms="18951" status="PASS">
          <reporter-output>
          </reporter-output>
        </test-method> <!-- homePageTest -->
        <test-method is-config="true" signature="tearDown()[pri:0, instance:com.leadpops.testCases.TC_LandingTest_001@123ef382]" started-at="2022-03-19T00:21:59 EAT" name="tearDown" finished-at="2022-03-19T00:21:59 EAT" duration-ms="120" status="PASS">
          <reporter-output>
          </reporter-output>
        </test-method> <!-- tearDown -->
      </class> <!-- com.leadpops.testCases.TC_LandingTest_001 -->
    </test> <!-- Default test -->
  </suite> <!-- Default suite -->
</testng-results>
